build/app/intermediates/manifest_merge_blame_file/debug/manifest-merger-blame-debug-report.txt
1<?xml version="1.0" encoding="utf-8"?>
2<manifest xmlns:android="http://schemas.android.com/apk/res/android"
3    package="com.example.tilomathmarketplace"
4    android:versionCode="1"
5    android:versionName="1.0.0" >
6
7    <uses-sdk
8        android:minSdkVersion="21"
9        android:targetSdkVersion="33" />
10    <!--
11         The INTERNET permission is required for development. Specifically,
12         the Flutter tool needs it to communicate with the running application
13         to allow setting breakpoints, to provide hot reload, etc.
14    -->
15    <uses-permission android:name="android.permission.INTERNET" />
15-->src\debug\AndroidManifest.xml:6:5-66
15-->src\debug\AndroidManifest.xml:6:22-64
16    <uses-permission android:name="android.permission.ACCESS_NETWORK_STATE" />
16-->[com.google.firebase:firebase-auth:22.3.1] AndroidManifest.xml:26:5-79
16-->[com.google.firebase:firebase-auth:22.3.1] AndroidManifest.xml:26:22-76
17    <uses-permission android:name="android.permission.WAKE_LOCK" />
17-->[com.google.android.gms:play-services-measurement-api:21.5.0] AndroidManifest.xml:24:5-68
17-->[com.google.android.gms:play-services-measurement-api:21.5.0] AndroidManifest.xml:24:22-65
18    <uses-permission android:name="com.google.android.gms.permission.AD_ID" />
18-->[com.google.android.gms:play-services-measurement-api:21.5.0] AndroidManifest.xml:25:5-79
18-->[com.google.android.gms:play-services-measurement-api:21.5.0] AndroidManifest.xml:25:22-76
19    <uses-permission android:name="android.permission.ACCESS_ADSERVICES_ATTRIBUTION" />
19-->[com.google.android.gms:play-services-measurement-api:21.5.0] AndroidManifest.xml:26:5-88
19-->[com.google.android.gms:play-services-measurement-api:21.5.0] AndroidManifest.xml:26:22-85
20    <uses-permission android:name="android.permission.ACCESS_ADSERVICES_AD_ID" /> <!-- See https://developer.android.com/training/package-visibility/declaring for more details. -->
20-->[com.google.android.gms:play-services-measurement-api:21.5.0] AndroidManifest.xml:27:5-82
20-->[com.google.android.gms:play-services-measurement-api:21.5.0] AndroidManifest.xml:27:22-79
21    <queries>
21-->[com.stripe:financial-connections:20.34.4] AndroidManifest.xml:10:5-18:15
22
23        <!-- Added to check the default browser that will host the AuthFlow. -->
24        <intent>
24-->[com.stripe:financial-connections:20.34.4] AndroidManifest.xml:13:9-17:18
25            <action android:name="android.intent.action.VIEW" />
25-->[com.google.firebase:firebase-auth:22.3.1] AndroidManifest.xml:36:17-69
25-->[com.google.firebase:firebase-auth:22.3.1] AndroidManifest.xml:36:25-66
26
27            <data android:scheme="http" />
27-->[com.google.firebase:firebase-auth:22.3.1] AndroidManifest.xml:41:17-44:51
27-->[com.google.firebase:firebase-auth:22.3.1] AndroidManifest.xml:44:21-48
28        </intent>
29        <!-- Added to check if Chrome is installed for browser-based payment authentication (e.g. 3DS1). -->
30        <package android:name="com.android.chrome" /> <!-- Needs to be explicitly declared on Android R+ -->
30-->[com.stripe:payments-core:20.34.4] AndroidManifest.xml:11:9-54
30-->[com.stripe:payments-core:20.34.4] AndroidManifest.xml:11:18-51
31        <package android:name="com.google.android.apps.maps" />
31-->[com.google.android.gms:play-services-maps:18.0.2] AndroidManifest.xml:33:9-64
31-->[com.google.android.gms:play-services-maps:18.0.2] AndroidManifest.xml:33:18-61
32    </queries>
33
34    <uses-permission android:name="com.google.android.finsky.permission.BIND_GET_INSTALL_REFERRER_SERVICE" />
34-->[com.google.android.gms:play-services-measurement:21.5.0] AndroidManifest.xml:26:5-110
34-->[com.google.android.gms:play-services-measurement:21.5.0] AndroidManifest.xml:26:22-107
35    <uses-permission android:name="com.google.android.providers.gsf.permission.READ_GSERVICES" />
35-->[com.google.android.recaptcha:recaptcha:18.4.0] AndroidManifest.xml:9:5-98
35-->[com.google.android.recaptcha:recaptcha:18.4.0] AndroidManifest.xml:9:22-95
36
37    <uses-feature
37-->[com.google.android.gms:play-services-maps:18.0.2] AndroidManifest.xml:26:5-28:35
38        android:glEsVersion="0x00020000"
38-->[com.google.android.gms:play-services-maps:18.0.2] AndroidManifest.xml:27:9-41
39        android:required="true" />
39-->[com.google.android.gms:play-services-maps:18.0.2] AndroidManifest.xml:28:9-32
40
41    <permission
41-->[androidx.core:core:1.10.1] AndroidManifest.xml:22:5-24:47
42        android:name="com.example.tilomathmarketplace.DYNAMIC_RECEIVER_NOT_EXPORTED_PERMISSION"
42-->[androidx.core:core:1.10.1] AndroidManifest.xml:23:9-81
43        android:protectionLevel="signature" />
43-->[androidx.core:core:1.10.1] AndroidManifest.xml:24:9-44
44
45    <uses-permission android:name="com.example.tilomathmarketplace.DYNAMIC_RECEIVER_NOT_EXPORTED_PERMISSION" />
45-->[androidx.core:core:1.10.1] AndroidManifest.xml:26:5-97
45-->[androidx.core:core:1.10.1] AndroidManifest.xml:26:22-94
46
47    <application
48        android:name="android.app.Application"
49        android:appComponentFactory="androidx.core.app.CoreComponentFactory"
49-->[androidx.core:core:1.10.1] AndroidManifest.xml:28:18-86
50        android:debuggable="true"
51        android:icon="@mipmap/ic_launcher"
52        android:label="tilomathmarketplace" >
53        <activity
54            android:name="com.example.tilomathmarketplace.MainActivity"
55            android:configChanges="orientation|keyboardHidden|keyboard|screenSize|smallestScreenSize|locale|layoutDirection|fontScale|screenLayout|density|uiMode"
56            android:exported="true"
57            android:hardwareAccelerated="true"
58            android:launchMode="singleTop"
59            android:theme="@style/LaunchTheme"
60            android:windowSoftInputMode="adjustResize" >
61
62            <!--
63                 Specifies an Android theme to apply to this Activity as soon as
64                 the Android process has started. This theme is visible to the user
65                 while the Flutter UI initializes. After that, this theme continues
66                 to determine the Window background behind the Flutter UI.
67            -->
68            <meta-data
69                android:name="io.flutter.embedding.android.NormalTheme"
70                android:resource="@style/NormalTheme" />
71
72            <intent-filter>
73                <action android:name="android.intent.action.MAIN" />
74
75                <category android:name="android.intent.category.LAUNCHER" />
76            </intent-filter>
77        </activity>
78        <!--
79             Don't delete the meta-data below.
80             This is used by the Flutter tool to generate GeneratedPluginRegistrant.java
81        -->
82        <meta-data
83            android:name="flutterEmbedding"
84            android:value="2" />
85
86        <service
86-->[:firebase_auth] AndroidManifest.xml:10:9-14:19
87            android:name="com.google.firebase.components.ComponentDiscoveryService"
87-->[:firebase_auth] AndroidManifest.xml:10:18-89
88            android:directBootAware="true"
88-->[com.google.firebase:firebase-common:20.4.2] AndroidManifest.xml:32:13-43
89            android:exported="false" >
89-->[com.google.firebase:firebase-auth:22.3.1] AndroidManifest.xml:68:13-37
90            <meta-data
90-->[:firebase_auth] AndroidManifest.xml:11:13-13:85
91                android:name="com.google.firebase.components:io.flutter.plugins.firebase.auth.FlutterFirebaseAuthRegistrar"
91-->[:firebase_auth] AndroidManifest.xml:12:17-124
92                android:value="com.google.firebase.components.ComponentRegistrar" />
92-->[:firebase_auth] AndroidManifest.xml:13:17-82
93            <meta-data
93-->[:firebase_database] AndroidManifest.xml:11:13-13:85
94                android:name="com.google.firebase.components:io.flutter.plugins.firebase.database.FlutterFirebaseAppRegistrar"
94-->[:firebase_database] AndroidManifest.xml:12:17-127
95                android:value="com.google.firebase.components.ComponentRegistrar" />
95-->[:firebase_database] AndroidManifest.xml:13:17-82
96            <meta-data
96-->[:firebase_storage] AndroidManifest.xml:11:13-13:85
97                android:name="com.google.firebase.components:io.flutter.plugins.firebase.storage.FlutterFirebaseAppRegistrar"
97-->[:firebase_storage] AndroidManifest.xml:12:17-126
98                android:value="com.google.firebase.components.ComponentRegistrar" />
98-->[:firebase_storage] AndroidManifest.xml:13:17-82
99            <meta-data
99-->[:cloud_firestore] AndroidManifest.xml:11:13-13:85
100                android:name="com.google.firebase.components:io.flutter.plugins.firebase.firestore.FlutterFirebaseFirestoreRegistrar"
100-->[:cloud_firestore] AndroidManifest.xml:12:17-134
101                android:value="com.google.firebase.components.ComponentRegistrar" />
101-->[:cloud_firestore] AndroidManifest.xml:13:17-82
102            <meta-data
102-->[:firebase_core] AndroidManifest.xml:11:13-13:85
103                android:name="com.google.firebase.components:io.flutter.plugins.firebase.core.FlutterFirebaseCoreRegistrar"
103-->[:firebase_core] AndroidManifest.xml:12:17-124
104                android:value="com.google.firebase.components.ComponentRegistrar" />
104-->[:firebase_core] AndroidManifest.xml:13:17-82
105            <meta-data
105-->[com.google.firebase:firebase-auth:22.3.1] AndroidManifest.xml:69:13-71:85
106                android:name="com.google.firebase.components:com.google.firebase.auth.FirebaseAuthRegistrar"
106-->[com.google.firebase:firebase-auth:22.3.1] AndroidManifest.xml:70:17-109
107                android:value="com.google.firebase.components.ComponentRegistrar" />
107-->[com.google.firebase:firebase-auth:22.3.1] AndroidManifest.xml:71:17-82
108            <meta-data
108-->[com.google.firebase:firebase-database:20.3.0] AndroidManifest.xml:29:13-31:85
109                android:name="com.google.firebase.components:com.google.firebase.database.FirebaseDatabaseKtxRegistrar"
109-->[com.google.firebase:firebase-database:20.3.0] AndroidManifest.xml:30:17-120
110                android:value="com.google.firebase.components.ComponentRegistrar" />
110-->[com.google.firebase:firebase-database:20.3.0] AndroidManifest.xml:31:17-82
111            <meta-data
111-->[com.google.firebase:firebase-database:20.3.0] AndroidManifest.xml:32:13-34:85
112                android:name="com.google.firebase.components:com.google.firebase.database.DatabaseRegistrar"
112-->[com.google.firebase:firebase-database:20.3.0] AndroidManifest.xml:33:17-109
113                android:value="com.google.firebase.components.ComponentRegistrar" />
113-->[com.google.firebase:firebase-database:20.3.0] AndroidManifest.xml:34:17-82
114            <meta-data
114-->[com.google.firebase:firebase-storage:20.3.0] AndroidManifest.xml:30:13-32:85
115                android:name="com.google.firebase.components:com.google.firebase.storage.FirebaseStorageKtxRegistrar"
115-->[com.google.firebase:firebase-storage:20.3.0] AndroidManifest.xml:31:17-118
116                android:value="com.google.firebase.components.ComponentRegistrar" />
116-->[com.google.firebase:firebase-storage:20.3.0] AndroidManifest.xml:32:17-82
117            <meta-data
117-->[com.google.firebase:firebase-storage:20.3.0] AndroidManifest.xml:33:13-35:85
118                android:name="com.google.firebase.components:com.google.firebase.storage.StorageRegistrar"
118-->[com.google.firebase:firebase-storage:20.3.0] AndroidManifest.xml:34:17-107
119                android:value="com.google.firebase.components.ComponentRegistrar" />
119-->[com.google.firebase:firebase-storage:20.3.0] AndroidManifest.xml:35:17-82
120            <meta-data
120-->[com.google.firebase:firebase-firestore:24.10.1] AndroidManifest.xml:17:13-19:85
121                android:name="com.google.firebase.components:com.google.firebase.firestore.FirebaseFirestoreKtxRegistrar"
121-->[com.google.firebase:firebase-firestore:24.10.1] AndroidManifest.xml:18:17-122
122                android:value="com.google.firebase.components.ComponentRegistrar" />
122-->[com.google.firebase:firebase-firestore:24.10.1] AndroidManifest.xml:19:17-82
123            <meta-data
123-->[com.google.firebase:firebase-firestore:24.10.1] AndroidManifest.xml:20:13-22:85
124                android:name="com.google.firebase.components:com.google.firebase.firestore.FirestoreRegistrar"
124-->[com.google.firebase:firebase-firestore:24.10.1] AndroidManifest.xml:21:17-111
125                android:value="com.google.firebase.components.ComponentRegistrar" />
125-->[com.google.firebase:firebase-firestore:24.10.1] AndroidManifest.xml:22:17-82
126            <meta-data
126-->[com.google.android.gms:play-services-measurement-api:21.5.0] AndroidManifest.xml:37:13-39:85
127                android:name="com.google.firebase.components:com.google.firebase.analytics.connector.internal.AnalyticsConnectorRegistrar"
127-->[com.google.android.gms:play-services-measurement-api:21.5.0] AndroidManifest.xml:38:17-139
128                android:value="com.google.firebase.components.ComponentRegistrar" />
128-->[com.google.android.gms:play-services-measurement-api:21.5.0] AndroidManifest.xml:39:17-82
129            <meta-data
129-->[com.google.firebase:firebase-appcheck:17.1.1] AndroidManifest.xml:25:13-27:85
130                android:name="com.google.firebase.components:com.google.firebase.appcheck.FirebaseAppCheckKtxRegistrar"
130-->[com.google.firebase:firebase-appcheck:17.1.1] AndroidManifest.xml:26:17-120
131                android:value="com.google.firebase.components.ComponentRegistrar" />
131-->[com.google.firebase:firebase-appcheck:17.1.1] AndroidManifest.xml:27:17-82
132            <meta-data
132-->[com.google.firebase:firebase-appcheck:17.1.1] AndroidManifest.xml:28:13-30:85
133                android:name="com.google.firebase.components:com.google.firebase.appcheck.FirebaseAppCheckRegistrar"
133-->[com.google.firebase:firebase-appcheck:17.1.1] AndroidManifest.xml:29:17-117
134                android:value="com.google.firebase.components.ComponentRegistrar" />
134-->[com.google.firebase:firebase-appcheck:17.1.1] AndroidManifest.xml:30:17-82
135            <meta-data
135-->[com.google.firebase:firebase-installations:17.2.0] AndroidManifest.xml:15:13-17:85
136                android:name="com.google.firebase.components:com.google.firebase.installations.FirebaseInstallationsKtxRegistrar"
136-->[com.google.firebase:firebase-installations:17.2.0] AndroidManifest.xml:16:17-130
137                android:value="com.google.firebase.components.ComponentRegistrar" />
137-->[com.google.firebase:firebase-installations:17.2.0] AndroidManifest.xml:17:17-82
138            <meta-data
138-->[com.google.firebase:firebase-installations:17.2.0] AndroidManifest.xml:18:13-20:85
139                android:name="com.google.firebase.components:com.google.firebase.installations.FirebaseInstallationsRegistrar"
139-->[com.google.firebase:firebase-installations:17.2.0] AndroidManifest.xml:19:17-127
140                android:value="com.google.firebase.components.ComponentRegistrar" />
140-->[com.google.firebase:firebase-installations:17.2.0] AndroidManifest.xml:20:17-82
141            <meta-data
141-->[com.google.firebase:firebase-common-ktx:20.4.2] AndroidManifest.xml:12:13-14:85
142                android:name="com.google.firebase.components:com.google.firebase.ktx.FirebaseCommonLegacyRegistrar"
142-->[com.google.firebase:firebase-common-ktx:20.4.2] AndroidManifest.xml:13:17-116
143                android:value="com.google.firebase.components.ComponentRegistrar" />
143-->[com.google.firebase:firebase-common-ktx:20.4.2] AndroidManifest.xml:14:17-82
144            <meta-data
144-->[com.google.firebase:firebase-common:20.4.2] AndroidManifest.xml:35:13-37:85
145                android:name="com.google.firebase.components:com.google.firebase.FirebaseCommonKtxRegistrar"
145-->[com.google.firebase:firebase-common:20.4.2] AndroidManifest.xml:36:17-109
146                android:value="com.google.firebase.components.ComponentRegistrar" />
146-->[com.google.firebase:firebase-common:20.4.2] AndroidManifest.xml:37:17-82
147        </service>
148
149        <provider
149-->[:image_picker_android] AndroidManifest.xml:10:9-18:20
150            android:name="io.flutter.plugins.imagepicker.ImagePickerFileProvider"
150-->[:image_picker_android] AndroidManifest.xml:11:13-82
151            android:authorities="com.example.tilomathmarketplace.flutter.image_provider"
151-->[:image_picker_android] AndroidManifest.xml:12:13-74
152            android:exported="false"
152-->[:image_picker_android] AndroidManifest.xml:13:13-37
153            android:grantUriPermissions="true" >
153-->[:image_picker_android] AndroidManifest.xml:14:13-47
154            <meta-data
154-->[:image_picker_android] AndroidManifest.xml:15:13-17:75
155                android:name="android.support.FILE_PROVIDER_PATHS"
155-->[:image_picker_android] AndroidManifest.xml:16:17-67
156                android:resource="@xml/flutter_image_picker_file_paths" />
156-->[:image_picker_android] AndroidManifest.xml:17:17-72
157        </provider>
158
159        <activity
159-->[com.google.firebase:firebase-auth:22.3.1] AndroidManifest.xml:29:9-46:20
160            android:name="com.google.firebase.auth.internal.GenericIdpActivity"
160-->[com.google.firebase:firebase-auth:22.3.1] AndroidManifest.xml:30:13-80
161            android:excludeFromRecents="true"
161-->[com.google.firebase:firebase-auth:22.3.1] AndroidManifest.xml:31:13-46
162            android:exported="true"
162-->[com.google.firebase:firebase-auth:22.3.1] AndroidManifest.xml:32:13-36
163            android:launchMode="singleTask"
163-->[com.google.firebase:firebase-auth:22.3.1] AndroidManifest.xml:33:13-44
164            android:theme="@android:style/Theme.Translucent.NoTitleBar" >
164-->[com.google.firebase:firebase-auth:22.3.1] AndroidManifest.xml:34:13-72
165            <intent-filter>
165-->[com.google.firebase:firebase-auth:22.3.1] AndroidManifest.xml:35:13-45:29
166                <action android:name="android.intent.action.VIEW" />
166-->[com.google.firebase:firebase-auth:22.3.1] AndroidManifest.xml:36:17-69
166-->[com.google.firebase:firebase-auth:22.3.1] AndroidManifest.xml:36:25-66
167
168                <category android:name="android.intent.category.DEFAULT" />
168-->[com.google.firebase:firebase-auth:22.3.1] AndroidManifest.xml:38:17-76
168-->[com.google.firebase:firebase-auth:22.3.1] AndroidManifest.xml:38:27-73
169                <category android:name="android.intent.category.BROWSABLE" />
169-->[com.google.firebase:firebase-auth:22.3.1] AndroidManifest.xml:39:17-78
169-->[com.google.firebase:firebase-auth:22.3.1] AndroidManifest.xml:39:27-75
170
171                <data
171-->[com.google.firebase:firebase-auth:22.3.1] AndroidManifest.xml:41:17-44:51
172                    android:host="firebase.auth"
172-->[com.google.firebase:firebase-auth:22.3.1] AndroidManifest.xml:42:21-49
173                    android:path="/"
173-->[com.google.firebase:firebase-auth:22.3.1] AndroidManifest.xml:43:21-37
174                    android:scheme="genericidp" />
174-->[com.google.firebase:firebase-auth:22.3.1] AndroidManifest.xml:44:21-48
175            </intent-filter>
176        </activity>
177        <activity
177-->[com.google.firebase:firebase-auth:22.3.1] AndroidManifest.xml:47:9-64:20
178            android:name="com.google.firebase.auth.internal.RecaptchaActivity"
178-->[com.google.firebase:firebase-auth:22.3.1] AndroidManifest.xml:48:13-79
179            android:excludeFromRecents="true"
179-->[com.google.firebase:firebase-auth:22.3.1] AndroidManifest.xml:49:13-46
180            android:exported="true"
180-->[com.google.firebase:firebase-auth:22.3.1] AndroidManifest.xml:50:13-36
181            android:launchMode="singleTask"
181-->[com.google.firebase:firebase-auth:22.3.1] AndroidManifest.xml:51:13-44
182            android:theme="@android:style/Theme.Translucent.NoTitleBar" >
182-->[com.google.firebase:firebase-auth:22.3.1] AndroidManifest.xml:52:13-72
183            <intent-filter>
183-->[com.google.firebase:firebase-auth:22.3.1] AndroidManifest.xml:53:13-63:29
184                <action android:name="android.intent.action.VIEW" />
184-->[com.google.firebase:firebase-auth:22.3.1] AndroidManifest.xml:36:17-69
184-->[com.google.firebase:firebase-auth:22.3.1] AndroidManifest.xml:36:25-66
185
186                <category android:name="android.intent.category.DEFAULT" />
186-->[com.google.firebase:firebase-auth:22.3.1] AndroidManifest.xml:38:17-76
186-->[com.google.firebase:firebase-auth:22.3.1] AndroidManifest.xml:38:27-73
187                <category android:name="android.intent.category.BROWSABLE" />
187-->[com.google.firebase:firebase-auth:22.3.1] AndroidManifest.xml:39:17-78
187-->[com.google.firebase:firebase-auth:22.3.1] AndroidManifest.xml:39:27-75
188
189                <data
189-->[com.google.firebase:firebase-auth:22.3.1] AndroidManifest.xml:41:17-44:51
190                    android:host="firebase.auth"
190-->[com.google.firebase:firebase-auth:22.3.1] AndroidManifest.xml:42:21-49
191                    android:path="/"
191-->[com.google.firebase:firebase-auth:22.3.1] AndroidManifest.xml:43:21-37
192                    android:scheme="recaptcha" />
192-->[com.google.firebase:firebase-auth:22.3.1] AndroidManifest.xml:44:21-48
193            </intent-filter>
194        </activity>
195
196        <property
196-->[com.google.android.gms:play-services-measurement-api:21.5.0] AndroidManifest.xml:30:9-32:61
197            android:name="android.adservices.AD_SERVICES_CONFIG"
197-->[com.google.android.gms:play-services-measurement-api:21.5.0] AndroidManifest.xml:31:13-65
198            android:resource="@xml/ga_ad_services_config" />
198-->[com.google.android.gms:play-services-measurement-api:21.5.0] AndroidManifest.xml:32:13-58
199
200        <provider
200-->[com.google.firebase:firebase-common:20.4.2] AndroidManifest.xml:23:9-28:39
201            android:name="com.google.firebase.provider.FirebaseInitProvider"
201-->[com.google.firebase:firebase-common:20.4.2] AndroidManifest.xml:24:13-77
202            android:authorities="com.example.tilomathmarketplace.firebaseinitprovider"
202-->[com.google.firebase:firebase-common:20.4.2] AndroidManifest.xml:25:13-72
203            android:directBootAware="true"
203-->[com.google.firebase:firebase-common:20.4.2] AndroidManifest.xml:26:13-43
204            android:exported="false"
204-->[com.google.firebase:firebase-common:20.4.2] AndroidManifest.xml:27:13-37
205            android:initOrder="100" />
205-->[com.google.firebase:firebase-common:20.4.2] AndroidManifest.xml:28:13-36
206
207        <activity
207-->[com.stripe:financial-connections:20.34.4] AndroidManifest.xml:21:9-65:20
208            android:name="com.stripe.android.financialconnections.FinancialConnectionsSheetRedirectActivity"
208-->[com.stripe:financial-connections:20.34.4] AndroidManifest.xml:22:13-109
209            android:exported="true"
209-->[com.stripe:financial-connections:20.34.4] AndroidManifest.xml:23:13-36
210            android:launchMode="singleTask" >
210-->[com.stripe:financial-connections:20.34.4] AndroidManifest.xml:24:13-44
211            <intent-filter>
211-->[com.stripe:financial-connections:20.34.4] AndroidManifest.xml:25:13-64:29
212                <action android:name="android.intent.action.VIEW" />
212-->[com.google.firebase:firebase-auth:22.3.1] AndroidManifest.xml:36:17-69
212-->[com.google.firebase:firebase-auth:22.3.1] AndroidManifest.xml:36:25-66
213
214                <category android:name="android.intent.category.DEFAULT" />
214-->[com.google.firebase:firebase-auth:22.3.1] AndroidManifest.xml:38:17-76
214-->[com.google.firebase:firebase-auth:22.3.1] AndroidManifest.xml:38:27-73
215                <category android:name="android.intent.category.BROWSABLE" />
215-->[com.google.firebase:firebase-auth:22.3.1] AndroidManifest.xml:39:17-78
215-->[com.google.firebase:firebase-auth:22.3.1] AndroidManifest.xml:39:27-75
216
217                <!-- Returning from app2app: return_url is triggered to reopen web AuthFlow and poll accounts. -->
218                <data
218-->[com.google.firebase:firebase-auth:22.3.1] AndroidManifest.xml:41:17-44:51
219                    android:host="link-accounts"
219-->[com.google.firebase:firebase-auth:22.3.1] AndroidManifest.xml:42:21-49
220                    android:pathPrefix="/com.example.tilomathmarketplace/authentication_return"
221                    android:scheme="stripe-auth" />
221-->[com.google.firebase:firebase-auth:22.3.1] AndroidManifest.xml:44:21-48
222
223                <!-- Returning from app2app: return_url is triggered to reopen native AuthFlow and poll accounts. -->
224                <data
224-->[com.google.firebase:firebase-auth:22.3.1] AndroidManifest.xml:41:17-44:51
225                    android:host="link-native-accounts"
225-->[com.google.firebase:firebase-auth:22.3.1] AndroidManifest.xml:42:21-49
226                    android:pathPrefix="/com.example.tilomathmarketplace/authentication_return"
227                    android:scheme="stripe-auth" />
227-->[com.google.firebase:firebase-auth:22.3.1] AndroidManifest.xml:44:21-48
228
229                <!-- End of web AuthFlow success and cancel URIs that begin with "stripe-auth://link-accounts/{app-id}/...” -->
230                <data
230-->[com.google.firebase:firebase-auth:22.3.1] AndroidManifest.xml:41:17-44:51
231                    android:host="link-accounts"
231-->[com.google.firebase:firebase-auth:22.3.1] AndroidManifest.xml:42:21-49
232                    android:path="/com.example.tilomathmarketplace/success"
232-->[com.google.firebase:firebase-auth:22.3.1] AndroidManifest.xml:43:21-37
233                    android:scheme="stripe-auth" />
233-->[com.google.firebase:firebase-auth:22.3.1] AndroidManifest.xml:44:21-48
234                <data
234-->[com.google.firebase:firebase-auth:22.3.1] AndroidManifest.xml:41:17-44:51
235                    android:host="link-accounts"
235-->[com.google.firebase:firebase-auth:22.3.1] AndroidManifest.xml:42:21-49
236                    android:path="/com.example.tilomathmarketplace/cancel"
236-->[com.google.firebase:firebase-auth:22.3.1] AndroidManifest.xml:43:21-37
237                    android:scheme="stripe-auth" />
237-->[com.google.firebase:firebase-auth:22.3.1] AndroidManifest.xml:44:21-48
238
239                <!-- Opening app2app: Web flow triggers stripe-auth://native-redirect/{app-id}/http://web-that-redirects-to-native -->
240                <data
240-->[com.google.firebase:firebase-auth:22.3.1] AndroidManifest.xml:41:17-44:51
241                    android:host="native-redirect"
241-->[com.google.firebase:firebase-auth:22.3.1] AndroidManifest.xml:42:21-49
242                    android:pathPrefix="/com.example.tilomathmarketplace"
243                    android:scheme="stripe-auth" />
243-->[com.google.firebase:firebase-auth:22.3.1] AndroidManifest.xml:44:21-48
244
245                <!-- Accepts success/cancel/fail URIs that begin with "stripe://auth-redirect” -->
246                <data
246-->[com.google.firebase:firebase-auth:22.3.1] AndroidManifest.xml:41:17-44:51
247                    android:host="auth-redirect"
247-->[com.google.firebase:firebase-auth:22.3.1] AndroidManifest.xml:42:21-49
248                    android:pathPrefix="/com.example.tilomathmarketplace"
249                    android:scheme="stripe" />
249-->[com.google.firebase:firebase-auth:22.3.1] AndroidManifest.xml:44:21-48
250            </intent-filter>
251        </activity>
252        <activity
252-->[com.stripe:financial-connections:20.34.4] AndroidManifest.xml:66:9-69:57
253            android:name="com.stripe.android.financialconnections.FinancialConnectionsSheetActivity"
253-->[com.stripe:financial-connections:20.34.4] AndroidManifest.xml:67:13-101
254            android:exported="false"
254-->[com.stripe:financial-connections:20.34.4] AndroidManifest.xml:68:13-37
255            android:theme="@style/StripeDefaultTheme" />
255-->[com.stripe:financial-connections:20.34.4] AndroidManifest.xml:69:13-54
256        <activity
256-->[com.stripe:financial-connections:20.34.4] AndroidManifest.xml:70:9-74:58
257            android:name="com.stripe.android.financialconnections.ui.FinancialConnectionsSheetNativeActivity"
257-->[com.stripe:financial-connections:20.34.4] AndroidManifest.xml:71:13-110
258            android:exported="false"
258-->[com.stripe:financial-connections:20.34.4] AndroidManifest.xml:72:13-37
259            android:theme="@style/StripeDefaultTheme"
259-->[com.stripe:financial-connections:20.34.4] AndroidManifest.xml:73:13-54
260            android:windowSoftInputMode="adjustResize" />
260-->[com.stripe:financial-connections:20.34.4] AndroidManifest.xml:74:13-55
261
262        <provider
262-->[com.stripe:financial-connections:20.34.4] AndroidManifest.xml:76:9-80:43
263            android:name="com.stripe.android.financialconnections.appinitializer.FinancialConnectionsInitializer"
263-->[com.stripe:financial-connections:20.34.4] AndroidManifest.xml:77:13-114
264            android:authorities="com.example.tilomathmarketplace.financialconnections-init"
264-->[com.stripe:financial-connections:20.34.4] AndroidManifest.xml:78:13-77
265            android:exported="false"
265-->[com.stripe:financial-connections:20.34.4] AndroidManifest.xml:79:13-37
266            android:multiprocess="true" />
266-->[com.stripe:financial-connections:20.34.4] AndroidManifest.xml:80:13-40
267
268        <activity
268-->[com.stripe:paymentsheet:20.34.4] AndroidManifest.xml:8:9-12:58
269            android:name="com.stripe.android.paymentsheet.PaymentSheetActivity"
269-->[com.stripe:paymentsheet:20.34.4] AndroidManifest.xml:9:13-80
270            android:exported="false"
270-->[com.stripe:paymentsheet:20.34.4] AndroidManifest.xml:10:13-37